<?xml version='1.0' encoding='UTF-8' ?>
<testsuite errors="0" failures="0" hostname="server.local" name="TMAPIWebModelTest" tests="1" time="0.0" timestamp="Mon Sep 23 11:05:30 +0800 2013"><testcase classname='TMAPIWebModelTest' name='testConnectNormal' time='0.36' />
</testsuite>
